Fitter report for op_ex_ylx
Sat Jul 06 15:38:30 2019
Quartus II Version 9.0 Build 235 06/17/2009 Service Pack 2 SJ Web Edition


---------------------
; Table of Contents ;
---------------------
  1. Legal Notice
  2. Fitter Summary
  3. Fitter Settings
  4. Parallel Compilation
  5. Pin-Out File
  6. Fitter Resource Usage Summary
  7. Input Pins
  8. Output Pins
  9. All Package Pins
 10. I/O Standard
 11. Dedicated Inputs I/O
 12. Output Pin Default Load For Reported TCO
 13. Fitter Resource Utilization by Entity
 14. Control Signals
 15. Global & Other Fast Signals
 16. Non-Global High Fan-Out Signals
 17. Interconnect Usage Summary
 18. LAB External Interconnect
 19. LAB Macrocells
 20. Parallel Expander
 21. Shareable Expander
 22. Logic Cell Interconnection
 23. Fitter Device Options
 24. Fitter Messages



----------------
; Legal Notice ;
----------------
Copyright (C) 1991-2009 Altera Corporation
Your use of Altera Corporation's design tools, logic functions 
and other software and tools, and its AMPP partner logic 
functions, and any output files from any of the foregoing 
(including device programming or simulation files), and any 
associated documentation or information are expressly subject 
to the terms and conditions of the Altera Program License 
Subscription Agreement, Altera MegaCore Function License 
Agreement, or other applicable license agreement, including, 
without limitation, that your use is for the sole purpose of 
programming logic devices manufactured by Altera and sold by 
Altera or its authorized distributors.  Please refer to the 
applicable agreement for further details.



+----------------------------------------------------------------------+
; Fitter Summary                                                       ;
+-----------------------+----------------------------------------------+
; Fitter Status         ; Successful - Sat Jul 06 15:38:30 2019        ;
; Quartus II Version    ; 9.0 Build 235 06/17/2009 SP 2 SJ Web Edition ;
; Revision Name         ; op_ex_ylx                                    ;
; Top-level Entity Name ; op_ex_ylx                                    ;
; Family                ; MAX7000S                                     ;
; Device                ; EPM7128SLC84-15                              ;
; Timing Models         ; Final                                        ;
; Total macrocells      ; 34 / 128 ( 27 % )                            ;
; Total pins            ; 45 / 68 ( 66 % )                             ;
+-----------------------+----------------------------------------------+


+--------------------------------------------------------------------------------------+
; Fitter Settings                                                                      ;
+----------------------------------------------------+-----------------+---------------+
; Option                                             ; Setting         ; Default Value ;
+----------------------------------------------------+-----------------+---------------+
; Device                                             ; EPM7128SLC84-15 ;               ;
; Use smart compilation                              ; Off             ; Off           ;
; Use TimeQuest Timing Analyzer                      ; Off             ; Off           ;
; Optimize Timing for ECOs                           ; Off             ; Off           ;
; Regenerate full fit report during ECO compiles     ; Off             ; Off           ;
; Optimize IOC Register Placement for Timing         ; On              ; On            ;
; Limit to One Fitting Attempt                       ; Off             ; Off           ;
; Fitter Initial Placement Seed                      ; 1               ; 1             ;
; Slow Slew Rate                                     ; Off             ; Off           ;
; Fitter Effort                                      ; Auto Fit        ; Auto Fit      ;
; Force Fitter to Avoid Periphery Placement Warnings ; Off             ; Off           ;
+----------------------------------------------------+-----------------+---------------+


+------------------------------------------+
; Parallel Compilation                     ;
+----------------------------+-------------+
; Processors                 ; Number      ;
+----------------------------+-------------+
; Number detected on machine ; 2           ;
; Maximum allowed            ; 2           ;
;                            ;             ;
; Average used               ; 1.00        ;
; Maximum used               ; 1           ;
;                            ;             ;
; Usage by Processor         ; % Time Used ;
;     1 processor            ; 100.0%      ;
;     2 processors           ;   0.0%      ;
+----------------------------+-------------+


+--------------+
; Pin-Out File ;
+--------------+
The pin-out file can be found in C:/Users/Blackkkie/Desktop/cpu/op_ex_ylx/op_ex_ylx.pin.


+-------------------------------------------------------+
; Fitter Resource Usage Summary                         ;
+-----------------------------------+-------------------+
; Resource                          ; Usage             ;
+-----------------------------------+-------------------+
; Logic cells                       ; 34 / 128 ( 27 % ) ;
; Registers                         ; 1 / 128 ( < 1 % ) ;
; Number of pterms used             ; 115               ;
; User inserted logic elements      ; 0                 ;
; I/O pins                          ; 45 / 68 ( 66 % )  ;
;     -- Clock pins                 ; 2 / 2 ( 100 % )   ;
;     -- Dedicated input pins       ; 2 / 2 ( 100 % )   ;
; Global signals                    ; 2                 ;
; Shareable expanders               ; 8 / 128 ( 6 % )   ;
; Parallel expanders                ; 6 / 120 ( 5 % )   ;
; Cells using turbo bit             ; 34 / 128 ( 27 % ) ;
; Maximum fan-out node              ; SWB               ;
; Maximum fan-out                   ; 34                ;
; Highest non-global fan-out signal ; SWB               ;
; Highest non-global fan-out        ; 34                ;
; Total fan-out                     ; 329               ;
; Average fan-out                   ; 3.78              ;
+-----------------------------------+-------------------+


+----------------------------------------------------------------------------------------------------------------------------------------------+
; Input Pins                                                                                                                                   ;
+--------+-------+----------+-----+-----------------------+--------------------+--------+----------------+--------------+----------------------+
; Name   ; Pin # ; I/O Bank ; LAB ; Combinational Fan-Out ; Registered Fan-Out ; Global ; Input Register ; I/O Standard ; Location assigned by ;
+--------+-------+----------+-----+-----------------------+--------------------+--------+----------------+--------------+----------------------+
; C      ; 2     ; --       ; --  ; 4                     ; 0                  ; no     ; no             ; TTL          ; User                 ;
; CLR    ; 1     ; --       ; --  ; 1                     ; 0                  ; yes    ; no             ; TTL          ; User                 ;
; IRH[0] ; 8     ; --       ; 1   ; 29                    ; 0                  ; no     ; no             ; TTL          ; User                 ;
; IRH[1] ; 9     ; --       ; 1   ; 30                    ; 0                  ; no     ; no             ; TTL          ; User                 ;
; IRH[2] ; 10    ; --       ; 1   ; 30                    ; 0                  ; no     ; no             ; TTL          ; User                 ;
; IRH[3] ; 11    ; --       ; 1   ; 29                    ; 0                  ; no     ; no             ; TTL          ; User                 ;
; SWA    ; 4     ; --       ; 1   ; 33                    ; 0                  ; no     ; no             ; TTL          ; User                 ;
; SWB    ; 5     ; --       ; 1   ; 34                    ; 0                  ; no     ; no             ; TTL          ; User                 ;
; SWC    ; 6     ; --       ; 1   ; 33                    ; 0                  ; no     ; no             ; TTL          ; User                 ;
; T3     ; 83    ; --       ; --  ; 1                     ; 0                  ; yes    ; no             ; TTL          ; User                 ;
; W1     ; 12    ; --       ; 1   ; 31                    ; 0                  ; no     ; no             ; TTL          ; User                 ;
; W2     ; 15    ; --       ; 2   ; 18                    ; 0                  ; no     ; no             ; TTL          ; User                 ;
; W3     ; 16    ; --       ; 2   ; 0                     ; 0                  ; no     ; no             ; TTL          ; User                 ;
; Z      ; 84    ; --       ; --  ; 4                     ; 0                  ; no     ; no             ; TTL          ; User                 ;
+--------+-------+----------+-----+-----------------------+--------------------+--------+----------------+--------------+----------------------+


+-----------------------------------------------------------------------------------------------------------------------------------------------+
; Output Pins                                                                                                                                   ;
+--------+-------+----------+-----+-----------------+----------------+------------+---------------+--------------+----------------------+-------+
; Name   ; Pin # ; I/O Bank ; LAB ; Output Register ; Slow Slew Rate ; Open Drain ; TRI Primitive ; I/O Standard ; Location assigned by ; Load  ;
+--------+-------+----------+-----+-----------------+----------------+------------+---------------+--------------+----------------------+-------+
; ABUS   ; 40    ; --       ; 4   ; no              ; no             ; no         ; no            ; TTL          ; User                 ; 10 pF ;
; ARINC  ; 24    ; --       ; 3   ; no              ; no             ; no         ; no            ; TTL          ; User                 ; 10 pF ;
; CIN    ; 33    ; --       ; 4   ; no              ; no             ; no         ; no            ; TTL          ; User                 ; 10 pF ;
; DRW    ; 20    ; --       ; 2   ; no              ; no             ; no         ; no            ; TTL          ; User                 ; 10 pF ;
; LAR    ; 25    ; --       ; 3   ; no              ; no             ; no         ; no            ; TTL          ; User                 ; 10 pF ;
; LDC    ; 31    ; --       ; 3   ; no              ; no             ; no         ; no            ; TTL          ; User                 ; 10 pF ;
; LDZ    ; 30    ; --       ; 3   ; no              ; no             ; no         ; no            ; TTL          ; User                 ; 10 pF ;
; LIR    ; 29    ; --       ; 3   ; no              ; no             ; no         ; no            ; TTL          ; User                 ; 10 pF ;
; LONG   ; 46    ; --       ; 5   ; no              ; no             ; no         ; no            ; TTL          ; User                 ; 10 pF ;
; LPC    ; 22    ; --       ; 2   ; no              ; no             ; no         ; no            ; TTL          ; User                 ; 10 pF ;
; M      ; 39    ; --       ; 4   ; no              ; no             ; no         ; no            ; TTL          ; User                 ; 10 pF ;
; MBUS   ; 44    ; --       ; 5   ; no              ; no             ; no         ; no            ; TTL          ; User                 ; 10 pF ;
; MEMW   ; 27    ; --       ; 3   ; no              ; no             ; no         ; no            ; TTL          ; User                 ; 10 pF ;
; PCADD  ; 18    ; --       ; 2   ; no              ; no             ; no         ; no            ; TTL          ; User                 ; 10 pF ;
; PCINC  ; 21    ; --       ; 2   ; no              ; no             ; no         ; no            ; TTL          ; User                 ; 10 pF ;
; SBUS   ; 41    ; --       ; 4   ; no              ; no             ; no         ; no            ; TTL          ; User                 ; 10 pF ;
; SEL0   ; 48    ; --       ; 5   ; no              ; no             ; no         ; no            ; TTL          ; User                 ; 10 pF ;
; SEL1   ; 49    ; --       ; 5   ; no              ; no             ; no         ; no            ; TTL          ; User                 ; 10 pF ;
; SEL2   ; 50    ; --       ; 5   ; no              ; no             ; no         ; no            ; TTL          ; User                 ; 10 pF ;
; SEL3   ; 51    ; --       ; 5   ; no              ; no             ; no         ; no            ; TTL          ; User                 ; 10 pF ;
; SELCTL ; 52    ; --       ; 5   ; no              ; no             ; no         ; no            ; TTL          ; User                 ; 10 pF ;
; SHORT  ; 45    ; --       ; 5   ; no              ; no             ; no         ; no            ; TTL          ; User                 ; 10 pF ;
; STOP   ; 28    ; --       ; 3   ; no              ; no             ; no         ; no            ; TTL          ; User                 ; 10 pF ;
; S[0]   ; 34    ; --       ; 4   ; no              ; no             ; no         ; no            ; TTL          ; User                 ; 10 pF ;
; S[1]   ; 35    ; --       ; 4   ; no              ; no             ; no         ; no            ; TTL          ; User                 ; 10 pF ;
; S[2]   ; 36    ; --       ; 4   ; no              ; no             ; no         ; no            ; TTL          ; User                 ; 10 pF ;
; S[3]   ; 37    ; --       ; 4   ; no              ; no             ; no         ; no            ; TTL          ; User                 ; 10 pF ;
+--------+-------+----------+-----+-----------------+----------------+------------+---------------+--------------+----------------------+-------+


+-------------------------------------------------------------------------------------------------------+
; All Package Pins                                                                                      ;
+----------+------------+----------+----------------+--------+--------------+---------+-----------------+
; Location ; Pad Number ; I/O Bank ; Pin Name/Usage ; Dir.   ; I/O Standard ; Voltage ; User Assignment ;
+----------+------------+----------+----------------+--------+--------------+---------+-----------------+
; 1        ; 0          ; --       ; CLR            ; input  ; TTL          ;         ; Y               ;
; 2        ; 1          ; --       ; C              ; input  ; TTL          ;         ; Y               ;
; 3        ; 2          ; --       ; VCCINT         ; power  ;              ; 5.0V    ;                 ;
; 4        ; 3          ; --       ; SWA            ; input  ; TTL          ;         ; Y               ;
; 5        ; 4          ; --       ; SWB            ; input  ; TTL          ;         ; Y               ;
; 6        ; 5          ; --       ; SWC            ; input  ; TTL          ;         ; Y               ;
; 7        ; 6          ; --       ; GND            ; gnd    ;              ;         ;                 ;
; 8        ; 7          ; --       ; IRH[0]         ; input  ; TTL          ;         ; Y               ;
; 9        ; 8          ; --       ; IRH[1]         ; input  ; TTL          ;         ; Y               ;
; 10       ; 9          ; --       ; IRH[2]         ; input  ; TTL          ;         ; Y               ;
; 11       ; 10         ; --       ; IRH[3]         ; input  ; TTL          ;         ; Y               ;
; 12       ; 11         ; --       ; W1             ; input  ; TTL          ;         ; Y               ;
; 13       ; 12         ; --       ; VCCIO          ; power  ;              ; 5.0V    ;                 ;
; 14       ; 13         ; --       ; TDI            ; input  ; TTL          ;         ; N               ;
; 15       ; 14         ; --       ; W2             ; input  ; TTL          ;         ; Y               ;
; 16       ; 15         ; --       ; W3             ; input  ; TTL          ;         ; Y               ;
; 17       ; 16         ; --       ; RESERVED       ;        ;              ;         ;                 ;
; 18       ; 17         ; --       ; PCADD          ; output ; TTL          ;         ; Y               ;
; 19       ; 18         ; --       ; GND            ; gnd    ;              ;         ;                 ;
; 20       ; 19         ; --       ; DRW            ; output ; TTL          ;         ; Y               ;
; 21       ; 20         ; --       ; PCINC          ; output ; TTL          ;         ; Y               ;
; 22       ; 21         ; --       ; LPC            ; output ; TTL          ;         ; Y               ;
; 23       ; 22         ; --       ; TMS            ; input  ; TTL          ;         ; N               ;
; 24       ; 23         ; --       ; ARINC          ; output ; TTL          ;         ; Y               ;
; 25       ; 24         ; --       ; LAR            ; output ; TTL          ;         ; Y               ;
; 26       ; 25         ; --       ; VCCIO          ; power  ;              ; 5.0V    ;                 ;
; 27       ; 26         ; --       ; MEMW           ; output ; TTL          ;         ; Y               ;
; 28       ; 27         ; --       ; STOP           ; output ; TTL          ;         ; Y               ;
; 29       ; 28         ; --       ; LIR            ; output ; TTL          ;         ; Y               ;
; 30       ; 29         ; --       ; LDZ            ; output ; TTL          ;         ; Y               ;
; 31       ; 30         ; --       ; LDC            ; output ; TTL          ;         ; Y               ;
; 32       ; 31         ; --       ; GND            ; gnd    ;              ;         ;                 ;
; 33       ; 32         ; --       ; CIN            ; output ; TTL          ;         ; Y               ;
; 34       ; 33         ; --       ; S[0]           ; output ; TTL          ;         ; Y               ;
; 35       ; 34         ; --       ; S[1]           ; output ; TTL          ;         ; Y               ;
; 36       ; 35         ; --       ; S[2]           ; output ; TTL          ;         ; Y               ;
; 37       ; 36         ; --       ; S[3]           ; output ; TTL          ;         ; Y               ;
; 38       ; 37         ; --       ; VCCIO          ; power  ;              ; 5.0V    ;                 ;
; 39       ; 38         ; --       ; M              ; output ; TTL          ;         ; Y               ;
; 40       ; 39         ; --       ; ABUS           ; output ; TTL          ;         ; Y               ;
; 41       ; 40         ; --       ; SBUS           ; output ; TTL          ;         ; Y               ;
; 42       ; 41         ; --       ; GND            ; gnd    ;              ;         ;                 ;
; 43       ; 42         ; --       ; VCCINT         ; power  ;              ; 5.0V    ;                 ;
; 44       ; 43         ; --       ; MBUS           ; output ; TTL          ;         ; Y               ;
; 45       ; 44         ; --       ; SHORT          ; output ; TTL          ;         ; Y               ;
; 46       ; 45         ; --       ; LONG           ; output ; TTL          ;         ; Y               ;
; 47       ; 46         ; --       ; GND            ; gnd    ;              ;         ;                 ;
; 48       ; 47         ; --       ; SEL0           ; output ; TTL          ;         ; Y               ;
; 49       ; 48         ; --       ; SEL1           ; output ; TTL          ;         ; Y               ;
; 50       ; 49         ; --       ; SEL2           ; output ; TTL          ;         ; Y               ;
; 51       ; 50         ; --       ; SEL3           ; output ; TTL          ;         ; Y               ;
; 52       ; 51         ; --       ; SELCTL         ; output ; TTL          ;         ; Y               ;
; 53       ; 52         ; --       ; VCCIO          ; power  ;              ; 5.0V    ;                 ;
; 54       ; 53         ; --       ; RESERVED       ;        ;              ;         ;                 ;
; 55       ; 54         ; --       ; RESERVED       ;        ;              ;         ;                 ;
; 56       ; 55         ; --       ; RESERVED       ;        ;              ;         ;                 ;
; 57       ; 56         ; --       ; RESERVED       ;        ;              ;         ;                 ;
; 58       ; 57         ; --       ; RESERVED       ;        ;              ;         ;                 ;
; 59       ; 58         ; --       ; GND            ; gnd    ;              ;         ;                 ;
; 60       ; 59         ; --       ; RESERVED       ;        ;              ;         ;                 ;
; 61       ; 60         ; --       ; RESERVED       ;        ;              ;         ;                 ;
; 62       ; 61         ; --       ; TCK            ; input  ; TTL          ;         ; N               ;
; 63       ; 62         ; --       ; RESERVED       ;        ;              ;         ;                 ;
; 64       ; 63         ; --       ; RESERVED       ;        ;              ;         ;                 ;
; 65       ; 64         ; --       ; RESERVED       ;        ;              ;         ;                 ;
; 66       ; 65         ; --       ; VCCIO          ; power  ;              ; 5.0V    ;                 ;
; 67       ; 66         ; --       ; RESERVED       ;        ;              ;         ;                 ;
; 68       ; 67         ; --       ; RESERVED       ;        ;              ;         ;                 ;
; 69       ; 68         ; --       ; RESERVED       ;        ;              ;         ;                 ;
; 70       ; 69         ; --       ; RESERVED       ;        ;              ;         ;                 ;
; 71       ; 70         ; --       ; TDO            ; output ; TTL          ;         ; N               ;
; 72       ; 71         ; --       ; GND            ; gnd    ;              ;         ;                 ;
; 73       ; 72         ; --       ; RESERVED       ;        ;              ;         ;                 ;
; 74       ; 73         ; --       ; RESERVED       ;        ;              ;         ;                 ;
; 75       ; 74         ; --       ; RESERVED       ;        ;              ;         ;                 ;
; 76       ; 75         ; --       ; RESERVED       ;        ;              ;         ;                 ;
; 77       ; 76         ; --       ; RESERVED       ;        ;              ;         ;                 ;
; 78       ; 77         ; --       ; VCCIO          ; power  ;              ; 5.0V    ;                 ;
; 79       ; 78         ; --       ; RESERVED       ;        ;              ;         ;                 ;
; 80       ; 79         ; --       ; RESERVED       ;        ;              ;         ;                 ;
; 81       ; 80         ; --       ; RESERVED       ;        ;              ;         ;                 ;
; 82       ; 81         ; --       ; GND            ; gnd    ;              ;         ;                 ;
; 83       ; 82         ; --       ; T3             ; input  ; TTL          ;         ; Y               ;
; 84       ; 83         ; --       ; Z              ; input  ; TTL          ;         ; Y               ;
+----------+------------+----------+----------------+--------+--------------+---------+-----------------+
Note: Pin directions (input, output or bidir) are based on device operating in user mode.


+--------------------------------------------------------------------------------------------------+
; I/O Standard                                                                                     ;
+--------------+------------+----------------------+-------------------+-------------------+-------+
; I/O Standard ; Input Vref ; Dedicated Input Pins ; Pins in I/O Bank1 ; Pins in I/O Bank2 ; Total ;
+--------------+------------+----------------------+-------------------+-------------------+-------+
; TTL          ; -          ; 4                    ; 0                 ; 0                 ; 4     ;
+--------------+------------+----------------------+-------------------+-------------------+-------+


+--------------------------------------------------------------------+
; Dedicated Inputs I/O                                               ;
+------+-------+-------+-------+--------------+------------+---------+
; Name ; Pin # ; Type  ; VCCIO ; I/O Standard ; Input Vref ; Current ;
+------+-------+-------+-------+--------------+------------+---------+
; C    ; 2     ; Input ; --    ; TTL          ; -          ; 0 mA    ;
; CLR  ; 1     ; Input ; --    ; TTL          ; -          ; 0 mA    ;
; T3   ; 83    ; Input ; --    ; TTL          ; -          ; 0 mA    ;
; Z    ; 84    ; Input ; --    ; TTL          ; -          ; 0 mA    ;
+------+-------+-------+-------+--------------+------------+---------+


+-----------------------------------------------+
; Output Pin Default Load For Reported TCO      ;
+--------------+-------+------------------------+
; I/O Standard ; Load  ; Termination Resistance ;
+--------------+-------+------------------------+
; 3.3-V LVTTL  ; 10 pF ; Not Available          ;
; 3.3-V LVCMOS ; 10 pF ; Not Available          ;
; TTL          ; 10 pF ; Not Available          ;
+--------------+-------+------------------------+
Note: User assignments will override these defaults. The user specified values are listed in the Output Pins and Bidir Pins tables.


+-------------------------------------------------------------------------------------+
; Fitter Resource Utilization by Entity                                               ;
+----------------------------+------------+------+---------------------+--------------+
; Compilation Hierarchy Node ; Macrocells ; Pins ; Full Hierarchy Name ; Library Name ;
+----------------------------+------------+------+---------------------+--------------+
; |op_ex_ylx                 ; 34         ; 45   ; |op_ex_ylx          ; work         ;
+----------------------------+------------+------+---------------------+--------------+


+---------------------------------------------------------------------------------------------+
; Control Signals                                                                             ;
+------+----------+---------+--------------+--------+----------------------+------------------+
; Name ; Location ; Fan-Out ; Usage        ; Global ; Global Resource Used ; Global Line Name ;
+------+----------+---------+--------------+--------+----------------------+------------------+
; CLR  ; PIN_1    ; 1       ; Async. clear ; yes    ; On                   ; --               ;
; T3   ; PIN_83   ; 1       ; Clock        ; yes    ; On                   ; --               ;
+------+----------+---------+--------------+--------+----------------------+------------------+


+---------------------------------------------------------------------+
; Global & Other Fast Signals                                         ;
+------+----------+---------+----------------------+------------------+
; Name ; Location ; Fan-Out ; Global Resource Used ; Global Line Name ;
+------+----------+---------+----------------------+------------------+
; CLR  ; PIN_1    ; 1       ; On                   ; --               ;
; T3   ; PIN_83   ; 1       ; On                   ; --               ;
+------+----------+---------+----------------------+------------------+


+---------------------------------+
; Non-Global High Fan-Out Signals ;
+----------+----------------------+
; Name     ; Fan-Out              ;
+----------+----------------------+
; SWB      ; 34                   ;
; SWC      ; 33                   ;
; SWA      ; 33                   ;
; W1       ; 31                   ;
; IRH[2]   ; 30                   ;
; IRH[1]   ; 30                   ;
; IRH[3]   ; 29                   ;
; IRH[0]   ; 29                   ;
; W2       ; 18                   ;
; ST0      ; 11                   ;
; Z        ; 4                    ;
; C        ; 4                    ;
; Mux10~17 ; 1                    ;
; Mux16~16 ; 1                    ;
; Mux15~13 ; 1                    ;
; Mux3~8   ; 1                    ;
; Mux21~13 ; 1                    ;
; Mux24~18 ; 1                    ;
; Mux14~23 ; 1                    ;
; Mux14~18 ; 1                    ;
; Mux14~17 ; 1                    ;
; Mux14~16 ; 1                    ;
; Mux14~15 ; 1                    ;
; Mux14~14 ; 1                    ;
; Mux14~13 ; 1                    ;
; Mux14~10 ; 1                    ;
; Mux14~9  ; 1                    ;
; Mux10~16 ; 1                    ;
; Mux6~7   ; 1                    ;
; Mux13~6  ; 1                    ;
; Mux11~6  ; 1                    ;
; Mux9~10  ; 1                    ;
; Mux1~8   ; 1                    ;
; Mux4~8   ; 1                    ;
; Mux16~15 ; 1                    ;
; Mux15~12 ; 1                    ;
; Mux27~5  ; 1                    ;
; Mux3~7   ; 1                    ;
; Mux12~4  ; 1                    ;
; Mux21~12 ; 1                    ;
; Mux24~17 ; 1                    ;
; Mux23~13 ; 1                    ;
; Mux2~12  ; 1                    ;
; Mux22~5  ; 1                    ;
; Mux17~8  ; 1                    ;
; Mux18~13 ; 1                    ;
; Mux26~6  ; 1                    ;
; Mux20~10 ; 1                    ;
; Mux19~6  ; 1                    ;
; Mux7~4   ; 1                    ;
+----------+----------------------+


+------------------------------------------------+
; Interconnect Usage Summary                     ;
+----------------------------+-------------------+
; Interconnect Resource Type ; Usage             ;
+----------------------------+-------------------+
; Output enables             ; 0 / 6 ( 0 % )     ;
; PIA buffers                ; 36 / 288 ( 13 % ) ;
; PIAs                       ; 46 / 288 ( 16 % ) ;
+----------------------------+-------------------+


+----------------------------------------------------------------------------+
; LAB External Interconnect                                                  ;
+----------------------------------------------+-----------------------------+
; LAB External Interconnects  (Average = 5.75) ; Number of LABs  (Total = 4) ;
+----------------------------------------------+-----------------------------+
; 0                                            ; 4                           ;
; 1                                            ; 0                           ;
; 2                                            ; 0                           ;
; 3                                            ; 0                           ;
; 4                                            ; 0                           ;
; 5                                            ; 0                           ;
; 6                                            ; 0                           ;
; 7                                            ; 0                           ;
; 8                                            ; 0                           ;
; 9                                            ; 0                           ;
; 10                                           ; 1                           ;
; 11                                           ; 0                           ;
; 12                                           ; 3                           ;
+----------------------------------------------+-----------------------------+


+----------------------------------------------------------------------+
; LAB Macrocells                                                       ;
+----------------------------------------+-----------------------------+
; Number of Macrocells  (Average = 4.25) ; Number of LABs  (Total = 4) ;
+----------------------------------------+-----------------------------+
; 0                                      ; 4                           ;
; 1                                      ; 0                           ;
; 2                                      ; 0                           ;
; 3                                      ; 0                           ;
; 4                                      ; 0                           ;
; 5                                      ; 0                           ;
; 6                                      ; 1                           ;
; 7                                      ; 1                           ;
; 8                                      ; 0                           ;
; 9                                      ; 1                           ;
; 10                                     ; 0                           ;
; 11                                     ; 0                           ;
; 12                                     ; 1                           ;
+----------------------------------------+-----------------------------+


+---------------------------------------------------------+
; Parallel Expander                                       ;
+--------------------------+------------------------------+
; Parallel Expander Length ; Number of Parallel Expanders ;
+--------------------------+------------------------------+
; 0                        ; 0                            ;
; 1                        ; 6                            ;
+--------------------------+------------------------------+


+-------------------------------------------------------------------------------+
; Shareable Expander                                                            ;
+-------------------------------------------------+-----------------------------+
; Number of shareable expanders  (Average = 1.00) ; Number of LABs  (Total = 1) ;
+-------------------------------------------------+-----------------------------+
; 0                                               ; 7                           ;
; 1                                               ; 0                           ;
; 2                                               ; 0                           ;
; 3                                               ; 0                           ;
; 4                                               ; 0                           ;
; 5                                               ; 0                           ;
; 6                                               ; 0                           ;
; 7                                               ; 0                           ;
; 8                                               ; 1                           ;
+-------------------------------------------------+-----------------------------+


+-----------------------------------------------------------------------------------------------------------------------------------------------------------------------------------------------------------------------------------------------------------+
; Logic Cell Interconnection                                                                                                                                                                                                                                ;
+-----+------------+-----------------------------------------------------------------------------------------------------------------------------------------+----------------------------------------------------------------------------------------------+
; LAB ; Logic Cell ; Input                                                                                                                                   ; Output                                                                                       ;
+-----+------------+-----------------------------------------------------------------------------------------------------------------------------------------+----------------------------------------------------------------------------------------------+
;  B  ; LC17       ; W1, SWC, SWA, SWB, ST0, IRH[0], IRH[1], IRH[2], IRH[3]                                                                                  ; LPC                                                                                          ;
;  B  ; LC21       ; Mux3~8, W1, SWA, SWB, IRH[2], IRH[0], IRH[1], IRH[3], W2                                                                                ; DRW                                                                                          ;
;  B  ; LC24       ; W1, SWC, SWA, SWB, IRH[1], IRH[2], IRH[3], IRH[0], C, Z                                                                                 ; PCADD                                                                                        ;
;  B  ; LC19       ; Mux15~13, IRH[1], SWC, SWA, SWB, IRH[2], W1, IRH[3], IRH[0], W2, C, Z                                                                   ; PCINC                                                                                        ;
;  B  ; LC20       ; SWC, SWA, SWB                                                                                                                           ; Mux3~7                                                                                       ;
;  B  ; LC18       ; W2, IRH[1], SWC, SWA, SWB, IRH[3], IRH[2], IRH[0], W1                                                                                   ; Mux15~12                                                                                     ;
;  C  ; LC46       ; SWC, W1, ST0, SWA, SWB                                                                                                                  ; ARINC                                                                                        ;
;  C  ; LC37       ; SWC, SWA, SWB, W1, IRH[2], IRH[1], IRH[0], IRH[3]                                                                                       ; LDZ                                                                                          ;
;  C  ; LC40       ; SWA, SWB, SWC, W1, IRH[2], IRH[1], IRH[3], IRH[0]                                                                                       ; STOP                                                                                         ;
;  C  ; LC35       ; W1, SWC, SWA, SWB, IRH[2], IRH[1], IRH[0], IRH[3]                                                                                       ; LDC                                                                                          ;
;  C  ; LC45       ; IRH[2], IRH[3], IRH[0], IRH[1], W1, SWC, SWA, SWB, ST0                                                                                  ; LAR                                                                                          ;
;  C  ; LC43       ; SWC, SWB, W2, IRH[2], IRH[3], IRH[0], IRH[1], SWA, W1, ST0                                                                              ; MEMW                                                                                         ;
;  C  ; LC38       ; SWC, SWA, SWB, Mux14~13, Mux14~14, Mux14~15, Mux14~16, Mux14~17, Mux14~18, Mux14~9, IRH[3], IRH[2], Mux14~10, IRH[0], IRH[1], W2, W1, C ; LIR                                                                                          ;
;  D  ; LC51       ; Mux21~13, IRH[0], SWC, SWA, SWB, W1, IRH[2], IRH[1], IRH[3]                                                                             ; ABUS                                                                                         ;
;  D  ; LC61       ; IRH[2], IRH[3], IRH[0], IRH[1], W1, SWC, SWA, SWB                                                                                       ; S[0]                                                                                         ;
;  D  ; LC64       ; W1, SWC, SWA, SWB, IRH[2], IRH[0], IRH[3], IRH[1]                                                                                       ; CIN                                                                                          ;
;  D  ; LC54       ; T3, CLR, W2, SWA, SWB, SWC, W1, ST0                                                                                                     ; ST0, Mux12~4, Mux27~5, Mux4~8, Mux1~8, Mux9~10, Mux11~6, Mux13~6, Mux6~7, Mux14~13, Mux10~17 ;
;  D  ; LC59       ; IRH[2], SWC, SWA, SWB, W1, IRH[3], IRH[0], IRH[1], W2                                                                                   ; S[1]                                                                                         ;
;  D  ; LC57       ; W1, SWC, SWA, SWB, IRH[3], IRH[0], IRH[1], IRH[2]                                                                                       ; S[2]                                                                                         ;
;  D  ; LC53       ; Mux24~18, IRH[2], IRH[3], IRH[0], IRH[1], W1, SWC, SWA, SWB                                                                             ; M                                                                                            ;
;  D  ; LC56       ; Mux16~16, SWC, SWA, SWB, W1, IRH[3], IRH[0], IRH[2], IRH[1]                                                                             ; S[3]                                                                                         ;
;  D  ; LC49       ; SWA, SWB, SWC, W1, ST0                                                                                                                  ; SBUS                                                                                         ;
;  D  ; LC52       ; W2, IRH[2], IRH[3], IRH[0], IRH[1], SWC, SWA, SWB                                                                                       ; Mux24~17                                                                                     ;
;  D  ; LC50       ; W2, IRH[3], IRH[0], SWC, SWA, SWB, IRH[2], IRH[1]                                                                                       ; Mux21~12                                                                                     ;
;  D  ; LC55       ; W2, SWC, SWA, SWB, IRH[3], IRH[0], IRH[2], IRH[1]                                                                                       ; Mux16~15                                                                                     ;
;  E  ; LC73       ; SWC, SWA, SWB, W2, W1, ST0                                                                                                              ; SEL1                                                                                         ;
;  E  ; LC67       ; Mux10~17, IRH[2], SWC, W1, SWB, IRH[3], IRH[1], Z, IRH[0], C                                                                            ; SHORT                                                                                        ;
;  E  ; LC69       ; SWC, SWA, SWB, IRH[2], IRH[3], IRH[0], W2, IRH[1]                                                                                       ; LONG                                                                                         ;
;  E  ; LC77       ; W2, SWC, SWA, SWB, ST0, W1                                                                                                              ; SEL3                                                                                         ;
;  E  ; LC72       ; SWC, SWA, SWB, W1                                                                                                                       ; SEL0                                                                                         ;
;  E  ; LC80       ; SWA, SWB, SWC                                                                                                                           ; SELCTL                                                                                       ;
;  E  ; LC65       ; SWC, SWA, SWB, IRH[2], IRH[3], IRH[0], W2, IRH[1], W1, ST0                                                                              ; MBUS                                                                                         ;
;  E  ; LC75       ; W2, SWC, SWA, SWB                                                                                                                       ; SEL2                                                                                         ;
;  E  ; LC66       ; SWA, SWC, SWB, IRH[2], W1, IRH[1], IRH[0], ST0                                                                                          ; Mux10~16                                                                                     ;
+-----+------------+-----------------------------------------------------------------------------------------------------------------------------------------+----------------------------------------------------------------------------------------------+


+---------------------------------------------------------------+
; Fitter Device Options                                         ;
+----------------------------------------------+----------------+
; Option                                       ; Setting        ;
+----------------------------------------------+----------------+
; Enable user-supplied start-up clock (CLKUSR) ; Off            ;
; Enable device-wide reset (DEV_CLRn)          ; Off            ;
; Enable device-wide output enable (DEV_OE)    ; Off            ;
; Enable INIT_DONE output                      ; Off            ;
; Configuration scheme                         ; Passive Serial ;
; Security bit                                 ; Off            ;
; Base pin-out file on sameframe device        ; Off            ;
+----------------------------------------------+----------------+


+-----------------+
; Fitter Messages ;
+-----------------+
Info: *******************************************************************
Info: Running Quartus II Fitter
    Info: Version 9.0 Build 235 06/17/2009 Service Pack 2 SJ Web Edition
    Info: Processing started: Sat Jul 06 15:38:30 2019
Info: Command: quartus_fit --read_settings_files=off --write_settings_files=off op_ex_ylx -c op_ex_ylx
Info: Parallel compilation is enabled and will use 2 of the 2 processors detected
Info: Selected device EPM7128SLC84-15 for design "op_ex_ylx"
Info: Quartus II Fitter was successful. 0 errors, 0 warnings
    Info: Peak virtual memory: 254 megabytes
    Info: Processing ended: Sat Jul 06 15:38:30 2019
    Info: Elapsed time: 00:00:00
    Info: Total CPU time (on all processors): 00:00:00


